[GIN-debug] [WARNING] Creating an Engine instance with the Logger and Recovery middleware already attached.

[GIN-debug] [WARNING] Running in "debug" mode. Switch to "release" mode in production.
 - using env:	export GIN_MODE=release
 - using code:	gin.SetMode(gin.ReleaseMode)

[GIN-debug] POST   /api/v1/user/             --> SC/handler/user.Login (3 handlers)
[GIN-debug] GET    /api/v1/user/             --> SC/handler/user.UserInfo (3 handlers)
[GIN-debug] PUT    /api/v1/user/             --> SC/handler/user.ChangeUserInfo (3 handlers)
[GIN-debug] GET    /api/v1/user/goldhistory  --> SC/handler/user.GoldHistory (3 handlers)
[GIN-debug] GET    /api/v1/user/punch        --> SC/handler/user.PunchAndNumber (3 handlers)
[GIN-debug] GET    /api/v1/user/privacy/:id  --> SC/handler/user.GetPrivacy (3 handlers)
[GIN-debug] GET    /api/v1/punchs/:type_id   --> SC/handler.Punchs (3 handlers)
[GIN-debug] GET    /api/v1/punch/            --> SC/handler.MyPunch (3 handlers)
[GIN-debug] GET    /api/v1/punch/today/:title_id --> SC/handler.TodayPunch (3 handlers)
[GIN-debug] GET    /api/v1/punch/todayall    --> SC/handler.TodayPunchs (3 handlers)
[GIN-debug] POST   /api/v1/punch/            --> SC/handler.CompletePunch (3 handlers)
[GIN-debug] POST   /api/v1/punch/create      --> SC/handler.CreatePunch (3 handlers)
[GIN-debug] DELETE /api/v1/punch/            --> SC/handler.DeletePunch (3 handlers)
[GIN-debug] GET    /api/v1/user/punch/:id    --> SC/handler.GetPunchs (3 handlers)
[GIN-debug] GET    /api/v1/punch/month       --> SC/handler.Monthly (3 handlers)
[GIN-debug] GET    /api/v1/punch/week/:month --> SC/handler.GetWeekPunchs (3 handlers)
[GIN-debug] GET    /api/v1/punch/day/:day    --> SC/handler.GetDayPunchs (3 handlers)
[GIN-debug] GET    /api/v1/lists/:type       --> SC/handler.List (3 handlers)
[GIN-debug] GET    /api/v1/list/history      --> SC/handler.ListHistory (3 handlers)
[GIN-debug] GET    /api/v1/list/user/:id/:type --> SC/handler.UserRanking (3 handlers)
[GIN-debug] PUT    /api/v1/list/:type        --> SC/handler.ChangeRanking (3 handlers)
[GIN-debug] GET    /api/v1/backdrop          --> SC/handler.BackdropPrice (3 handlers)
[GIN-debug] PUT    /api/v1/backdrop          --> SC/handler.ChangeBackdrop (3 handlers)
[GIN-debug] GET    /api/v1/backdrops         --> SC/handler.MyBackdrops (3 handlers)
[GIN-debug] POST   /api/v1/adm/goldhistory   --> SC/handler/adm.GoldHistory (3 handlers)
[GIN-debug] POST   /api/v1/adm/punch         --> SC/handler/adm.PunchRecord (3 handlers)
[GIN-debug] GET    /api/v1/adm/del_backdrop/:student_id --> SC/handler/adm.DeleteBackdrop (3 handlers)
[GIN-debug] Listening and serving HTTP on :2333
[GIN-debug] [WARNING] Creating an Engine instance with the Logger and Recovery middleware already attached.

[GIN-debug] [WARNING] Running in "debug" mode. Switch to "release" mode in production.
 - using env:	export GIN_MODE=release
 - using code:	gin.SetMode(gin.ReleaseMode)

[GIN-debug] POST   /api/v1/user/             --> SC/handler/user.Login (3 handlers)
[GIN-debug] GET    /api/v1/user/             --> SC/handler/user.UserInfo (3 handlers)
[GIN-debug] PUT    /api/v1/user/             --> SC/handler/user.ChangeUserInfo (3 handlers)
[GIN-debug] GET    /api/v1/user/goldhistory  --> SC/handler/user.GoldHistory (3 handlers)
[GIN-debug] GET    /api/v1/user/punch        --> SC/handler/user.PunchAndNumber (3 handlers)
[GIN-debug] GET    /api/v1/user/privacy/:id  --> SC/handler/user.GetPrivacy (3 handlers)
[GIN-debug] GET    /api/v1/punchs/:type_id   --> SC/handler.Punchs (3 handlers)
[GIN-debug] GET    /api/v1/punch/            --> SC/handler.MyPunch (3 handlers)
[GIN-debug] GET    /api/v1/punch/today/:title_id --> SC/handler.TodayPunch (3 handlers)
[GIN-debug] GET    /api/v1/punch/todayall    --> SC/handler.TodayPunchs (3 handlers)
[GIN-debug] POST   /api/v1/punch/            --> SC/handler.CompletePunch (3 handlers)
[GIN-debug] POST   /api/v1/punch/create      --> SC/handler.CreatePunch (3 handlers)
[GIN-debug] DELETE /api/v1/punch/            --> SC/handler.DeletePunch (3 handlers)
[GIN-debug] GET    /api/v1/user/punch/:id    --> SC/handler.GetPunchs (3 handlers)
[GIN-debug] GET    /api/v1/punch/month       --> SC/handler.Monthly (3 handlers)
[GIN-debug] GET    /api/v1/punch/week/:month --> SC/handler.GetWeekPunchs (3 handlers)
[GIN-debug] GET    /api/v1/punch/day/:day    --> SC/handler.GetDayPunchs (3 handlers)
[GIN-debug] GET    /api/v1/lists/:type       --> SC/handler.List (3 handlers)
[GIN-debug] GET    /api/v1/list/history      --> SC/handler.ListHistory (3 handlers)
[GIN-debug] GET    /api/v1/list/user/:id/:type --> SC/handler.UserRanking (3 handlers)
[GIN-debug] PUT    /api/v1/list/:type        --> SC/handler.ChangeRanking (3 handlers)
[GIN-debug] GET    /api/v1/backdrop          --> SC/handler.BackdropPrice (3 handlers)
[GIN-debug] PUT    /api/v1/backdrop          --> SC/handler.ChangeBackdrop (3 handlers)
[GIN-debug] GET    /api/v1/backdrops         --> SC/handler.MyBackdrops (3 handlers)
[GIN-debug] POST   /api/v1/adm/goldhistory   --> SC/handler/adm.GoldHistory (3 handlers)
[GIN-debug] POST   /api/v1/adm/punch         --> SC/handler/adm.PunchRecord (3 handlers)
[GIN-debug] GET    /api/v1/adm/del_backdrop/:student_id --> SC/handler/adm.DeleteBackdrop (3 handlers)
[GIN-debug] Listening and serving HTTP on :2333
[GIN-debug] [WARNING] Creating an Engine instance with the Logger and Recovery middleware already attached.

[GIN-debug] [WARNING] Running in "debug" mode. Switch to "release" mode in production.
 - using env:	export GIN_MODE=release
 - using code:	gin.SetMode(gin.ReleaseMode)

[GIN-debug] POST   /api/v1/user/             --> SC/handler/user.Login (3 handlers)
[GIN-debug] GET    /api/v1/user/             --> SC/handler/user.UserInfo (3 handlers)
[GIN-debug] PUT    /api/v1/user/             --> SC/handler/user.ChangeUserInfo (3 handlers)
[GIN-debug] GET    /api/v1/user/goldhistory  --> SC/handler/user.GoldHistory (3 handlers)
[GIN-debug] GET    /api/v1/user/punch        --> SC/handler/user.PunchAndNumber (3 handlers)
[GIN-debug] GET    /api/v1/user/privacy/:id  --> SC/handler/user.GetPrivacy (3 handlers)
[GIN-debug] GET    /api/v1/punchs/:type_id   --> SC/handler.Punchs (3 handlers)
[GIN-debug] GET    /api/v1/punch/            --> SC/handler.MyPunch (3 handlers)
[GIN-debug] GET    /api/v1/punch/today/:title_id --> SC/handler.TodayPunch (3 handlers)
[GIN-debug] GET    /api/v1/punch/todayall    --> SC/handler.TodayPunchs (3 handlers)
[GIN-debug] POST   /api/v1/punch/            --> SC/handler.CompletePunch (3 handlers)
[GIN-debug] POST   /api/v1/punch/create      --> SC/handler.CreatePunch (3 handlers)
[GIN-debug] DELETE /api/v1/punch/            --> SC/handler.DeletePunch (3 handlers)
[GIN-debug] GET    /api/v1/user/punch/:id    --> SC/handler.GetPunchs (3 handlers)
[GIN-debug] GET    /api/v1/punch/month       --> SC/handler.Monthly (3 handlers)
[GIN-debug] GET    /api/v1/punch/week/:month --> SC/handler.GetWeekPunchs (3 handlers)
[GIN-debug] GET    /api/v1/punch/day/:day    --> SC/handler.GetDayPunchs (3 handlers)
[GIN-debug] GET    /api/v1/lists/:type       --> SC/handler.List (3 handlers)
[GIN-debug] GET    /api/v1/list/history      --> SC/handler.ListHistory (3 handlers)
[GIN-debug] GET    /api/v1/list/user/:id/:type --> SC/handler.UserRanking (3 handlers)
[GIN-debug] PUT    /api/v1/list/:type        --> SC/handler.ChangeRanking (3 handlers)
[GIN-debug] GET    /api/v1/backdrop          --> SC/handler.BackdropPrice (3 handlers)
[GIN-debug] PUT    /api/v1/backdrop          --> SC/handler.ChangeBackdrop (3 handlers)
[GIN-debug] GET    /api/v1/backdrops         --> SC/handler.MyBackdrops (3 handlers)
[GIN-debug] POST   /api/v1/adm/goldhistory   --> SC/handler/adm.GoldHistory (3 handlers)
[GIN-debug] POST   /api/v1/adm/punch         --> SC/handler/adm.PunchRecord (3 handlers)
[GIN-debug] GET    /api/v1/adm/del_backdrop/:student_id --> SC/handler/adm.DeleteBackdrop (3 handlers)
[GIN-debug] Listening and serving HTTP on :2333
[GIN-debug] [WARNING] Creating an Engine instance with the Logger and Recovery middleware already attached.

[GIN-debug] [WARNING] Running in "debug" mode. Switch to "release" mode in production.
 - using env:	export GIN_MODE=release
 - using code:	gin.SetMode(gin.ReleaseMode)

[GIN-debug] POST   /api/v1/user/             --> SC/handler/user.Login (3 handlers)
[GIN-debug] GET    /api/v1/user/             --> SC/handler/user.UserInfo (3 handlers)
[GIN-debug] PUT    /api/v1/user/             --> SC/handler/user.ChangeUserInfo (3 handlers)
[GIN-debug] GET    /api/v1/user/goldhistory  --> SC/handler/user.GoldHistory (3 handlers)
[GIN-debug] GET    /api/v1/user/punch        --> SC/handler/user.PunchAndNumber (3 handlers)
[GIN-debug] GET    /api/v1/user/privacy/:id  --> SC/handler/user.GetPrivacy (3 handlers)
[GIN-debug] GET    /api/v1/punchs/:type_id   --> SC/handler.Punchs (3 handlers)
[GIN-debug] GET    /api/v1/punch/            --> SC/handler.MyPunch (3 handlers)
[GIN-debug] GET    /api/v1/punch/today/:title_id --> SC/handler.TodayPunch (3 handlers)
[GIN-debug] GET    /api/v1/punch/todayall    --> SC/handler.TodayPunchs (3 handlers)
[GIN-debug] POST   /api/v1/punch/            --> SC/handler.CompletePunch (3 handlers)
[GIN-debug] POST   /api/v1/punch/create      --> SC/handler.CreatePunch (3 handlers)
[GIN-debug] DELETE /api/v1/punch/            --> SC/handler.DeletePunch (3 handlers)
[GIN-debug] GET    /api/v1/user/punch/:id    --> SC/handler.GetPunchs (3 handlers)
[GIN-debug] GET    /api/v1/punch/month       --> SC/handler.Monthly (3 handlers)
[GIN-debug] GET    /api/v1/punch/week/:month --> SC/handler.GetWeekPunchs (3 handlers)
[GIN-debug] GET    /api/v1/punch/day/:day    --> SC/handler.GetDayPunchs (3 handlers)
[GIN-debug] GET    /api/v1/lists/:type       --> SC/handler.List (3 handlers)
[GIN-debug] GET    /api/v1/list/history      --> SC/handler.ListHistory (3 handlers)
[GIN-debug] GET    /api/v1/list/user/:id/:type --> SC/handler.UserRanking (3 handlers)
[GIN-debug] PUT    /api/v1/list/:type        --> SC/handler.ChangeRanking (3 handlers)
[GIN-debug] GET    /api/v1/backdrop          --> SC/handler.BackdropPrice (3 handlers)
[GIN-debug] PUT    /api/v1/backdrop          --> SC/handler.ChangeBackdrop (3 handlers)
[GIN-debug] GET    /api/v1/backdrops         --> SC/handler.MyBackdrops (3 handlers)
[GIN-debug] POST   /api/v1/adm/goldhistory   --> SC/handler/adm.GoldHistory (3 handlers)
[GIN-debug] POST   /api/v1/adm/punch         --> SC/handler/adm.PunchRecord (3 handlers)
[GIN-debug] GET    /api/v1/adm/del_backdrop/:student_id --> SC/handler/adm.DeleteBackdrop (3 handlers)
[GIN-debug] Listening and serving HTTP on :2333
[GIN-debug] [WARNING] Creating an Engine instance with the Logger and Recovery middleware already attached.

[GIN-debug] [WARNING] Running in "debug" mode. Switch to "release" mode in production.
 - using env:	export GIN_MODE=release
 - using code:	gin.SetMode(gin.ReleaseMode)

[GIN-debug] POST   /api/v1/user/             --> SC/handler/user.Login (3 handlers)
[GIN-debug] GET    /api/v1/user/             --> SC/handler/user.UserInfo (3 handlers)
[GIN-debug] PUT    /api/v1/user/             --> SC/handler/user.ChangeUserInfo (3 handlers)
[GIN-debug] GET    /api/v1/user/goldhistory  --> SC/handler/user.GoldHistory (3 handlers)
[GIN-debug] GET    /api/v1/user/punch        --> SC/handler/user.PunchAndNumber (3 handlers)
[GIN-debug] GET    /api/v1/user/privacy/:id  --> SC/handler/user.GetPrivacy (3 handlers)
[GIN-debug] GET    /api/v1/punchs/:type_id   --> SC/handler.Punchs (3 handlers)
[GIN-debug] GET    /api/v1/punch/            --> SC/handler.MyPunch (3 handlers)
[GIN-debug] GET    /api/v1/punch/today/:title_id --> SC/handler.TodayPunch (3 handlers)
[GIN-debug] GET    /api/v1/punch/todayall    --> SC/handler.TodayPunchs (3 handlers)
[GIN-debug] POST   /api/v1/punch/            --> SC/handler.CompletePunch (3 handlers)
[GIN-debug] POST   /api/v1/punch/create      --> SC/handler.CreatePunch (3 handlers)
[GIN-debug] DELETE /api/v1/punch/            --> SC/handler.DeletePunch (3 handlers)
[GIN-debug] GET    /api/v1/user/punch/:id    --> SC/handler.GetPunchs (3 handlers)
[GIN-debug] GET    /api/v1/punch/month       --> SC/handler.Monthly (3 handlers)
[GIN-debug] GET    /api/v1/punch/week/:month --> SC/handler.GetWeekPunchs (3 handlers)
[GIN-debug] GET    /api/v1/punch/day/:day    --> SC/handler.GetDayPunchs (3 handlers)
[GIN-debug] GET    /api/v1/lists/:type       --> SC/handler.List (3 handlers)
[GIN-debug] GET    /api/v1/list/history      --> SC/handler.ListHistory (3 handlers)
[GIN-debug] GET    /api/v1/list/user/:id/:type --> SC/handler.UserRanking (3 handlers)
[GIN-debug] PUT    /api/v1/list/:type        --> SC/handler.ChangeRanking (3 handlers)
[GIN-debug] GET    /api/v1/backdrop          --> SC/handler.BackdropPrice (3 handlers)
[GIN-debug] PUT    /api/v1/backdrop          --> SC/handler.ChangeBackdrop (3 handlers)
[GIN-debug] GET    /api/v1/backdrops         --> SC/handler.MyBackdrops (3 handlers)
[GIN-debug] POST   /api/v1/adm/goldhistory   --> SC/handler/adm.GoldHistory (3 handlers)
[GIN-debug] POST   /api/v1/adm/punch         --> SC/handler/adm.PunchRecord (3 handlers)
[GIN-debug] GET    /api/v1/adm/del_backdrop/:student_id --> SC/handler/adm.DeleteBackdrop (3 handlers)
[GIN-debug] Listening and serving HTTP on :2333
[GIN-debug] [ERROR] listen tcp :2333: bind: address already in use
[GIN-debug] [WARNING] Creating an Engine instance with the Logger and Recovery middleware already attached.

[GIN-debug] [WARNING] Running in "debug" mode. Switch to "release" mode in production.
 - using env:	export GIN_MODE=release
 - using code:	gin.SetMode(gin.ReleaseMode)

[GIN-debug] POST   /api/v1/user/             --> SC/handler/user.Login (3 handlers)
[GIN-debug] GET    /api/v1/user/             --> SC/handler/user.UserInfo (3 handlers)
[GIN-debug] PUT    /api/v1/user/             --> SC/handler/user.ChangeUserInfo (3 handlers)
[GIN-debug] GET    /api/v1/user/goldhistory  --> SC/handler/user.GoldHistory (3 handlers)
[GIN-debug] GET    /api/v1/user/punch        --> SC/handler/user.PunchAndNumber (3 handlers)
[GIN-debug] GET    /api/v1/user/privacy/:id  --> SC/handler/user.GetPrivacy (3 handlers)
[GIN-debug] GET    /api/v1/punchs/:type_id   --> SC/handler.Punchs (3 handlers)
[GIN-debug] GET    /api/v1/punch/            --> SC/handler.MyPunch (3 handlers)
[GIN-debug] GET    /api/v1/punch/today/:title_id --> SC/handler.TodayPunch (3 handlers)
[GIN-debug] GET    /api/v1/punch/todayall    --> SC/handler.TodayPunchs (3 handlers)
[GIN-debug] POST   /api/v1/punch/            --> SC/handler.CompletePunch (3 handlers)
[GIN-debug] POST   /api/v1/punch/create      --> SC/handler.CreatePunch (3 handlers)
[GIN-debug] DELETE /api/v1/punch/            --> SC/handler.DeletePunch (3 handlers)
[GIN-debug] GET    /api/v1/user/punch/:id    --> SC/handler.GetPunchs (3 handlers)
[GIN-debug] GET    /api/v1/punch/month       --> SC/handler.Monthly (3 handlers)
[GIN-debug] GET    /api/v1/punch/week/:month --> SC/handler.GetWeekPunchs (3 handlers)
[GIN-debug] GET    /api/v1/punch/day/:day    --> SC/handler.GetDayPunchs (3 handlers)
[GIN-debug] GET    /api/v1/lists/:type       --> SC/handler.List (3 handlers)
[GIN-debug] GET    /api/v1/list/history      --> SC/handler.ListHistory (3 handlers)
[GIN-debug] GET    /api/v1/list/user/:id/:type --> SC/handler.UserRanking (3 handlers)
[GIN-debug] PUT    /api/v1/list/:type        --> SC/handler.ChangeRanking (3 handlers)
[GIN-debug] GET    /api/v1/backdrop          --> SC/handler.BackdropPrice (3 handlers)
[GIN-debug] PUT    /api/v1/backdrop          --> SC/handler.ChangeBackdrop (3 handlers)
[GIN-debug] GET    /api/v1/backdrops         --> SC/handler.MyBackdrops (3 handlers)
[GIN-debug] POST   /api/v1/adm/goldhistory   --> SC/handler/adm.GoldHistory (3 handlers)
[GIN-debug] POST   /api/v1/adm/punch         --> SC/handler/adm.PunchRecord (3 handlers)
[GIN-debug] GET    /api/v1/adm/del_backdrop/:student_id --> SC/handler/adm.DeleteBackdrop (3 handlers)
[GIN-debug] Listening and serving HTTP on :2333
[GIN-debug] [WARNING] Creating an Engine instance with the Logger and Recovery middleware already attached.

[GIN-debug] [WARNING] Running in "debug" mode. Switch to "release" mode in production.
 - using env:	export GIN_MODE=release
 - using code:	gin.SetMode(gin.ReleaseMode)

[GIN-debug] POST   /api/v1/user/             --> SC/handler/user.Login (3 handlers)
[GIN-debug] GET    /api/v1/user/             --> SC/handler/user.UserInfo (3 handlers)
[GIN-debug] PUT    /api/v1/user/             --> SC/handler/user.ChangeUserInfo (3 handlers)
[GIN-debug] GET    /api/v1/user/goldhistory  --> SC/handler/user.GoldHistory (3 handlers)
[GIN-debug] GET    /api/v1/user/punch        --> SC/handler/user.PunchAndNumber (3 handlers)
[GIN-debug] GET    /api/v1/user/privacy/:id  --> SC/handler/user.GetPrivacy (3 handlers)
[GIN-debug] GET    /api/v1/punchs/:type_id   --> SC/handler.Punchs (3 handlers)
[GIN-debug] GET    /api/v1/punch/            --> SC/handler.MyPunch (3 handlers)
[GIN-debug] GET    /api/v1/punch/today/:title_id --> SC/handler.TodayPunch (3 handlers)
[GIN-debug] GET    /api/v1/punch/todayall    --> SC/handler.TodayPunchs (3 handlers)
[GIN-debug] POST   /api/v1/punch/            --> SC/handler.CompletePunch (3 handlers)
[GIN-debug] POST   /api/v1/punch/create      --> SC/handler.CreatePunch (3 handlers)
[GIN-debug] DELETE /api/v1/punch/            --> SC/handler.DeletePunch (3 handlers)
[GIN-debug] GET    /api/v1/user/punch/:id    --> SC/handler.GetPunchs (3 handlers)
[GIN-debug] GET    /api/v1/punch/month       --> SC/handler.Monthly (3 handlers)
[GIN-debug] GET    /api/v1/punch/week/:month --> SC/handler.GetWeekPunchs (3 handlers)
[GIN-debug] GET    /api/v1/punch/day/:day    --> SC/handler.GetDayPunchs (3 handlers)
[GIN-debug] GET    /api/v1/lists/:type       --> SC/handler.List (3 handlers)
[GIN-debug] GET    /api/v1/list/history      --> SC/handler.ListHistory (3 handlers)
[GIN-debug] GET    /api/v1/list/user/:id/:type --> SC/handler.UserRanking (3 handlers)
[GIN-debug] PUT    /api/v1/list/:type        --> SC/handler.ChangeRanking (3 handlers)
[GIN-debug] GET    /api/v1/backdrop          --> SC/handler.BackdropPrice (3 handlers)
[GIN-debug] PUT    /api/v1/backdrop          --> SC/handler.ChangeBackdrop (3 handlers)
[GIN-debug] GET    /api/v1/backdrops         --> SC/handler.MyBackdrops (3 handlers)
[GIN-debug] POST   /api/v1/adm/goldhistory   --> SC/handler/adm.GoldHistory (3 handlers)
[GIN-debug] POST   /api/v1/adm/punch         --> SC/handler/adm.PunchRecord (3 handlers)
[GIN-debug] GET    /api/v1/adm/del_backdrop/:student_id --> SC/handler/adm.DeleteBackdrop (3 handlers)
[GIN-debug] Listening and serving HTTP on :2333
[GIN-debug] [ERROR] listen tcp :2333: bind: address already in use
[GIN-debug] [WARNING] Creating an Engine instance with the Logger and Recovery middleware already attached.

[GIN-debug] [WARNING] Running in "debug" mode. Switch to "release" mode in production.
 - using env:	export GIN_MODE=release
 - using code:	gin.SetMode(gin.ReleaseMode)

[GIN-debug] POST   /api/v1/user/             --> SC/handler/user.Login (3 handlers)
[GIN-debug] GET    /api/v1/user/             --> SC/handler/user.UserInfo (3 handlers)
[GIN-debug] PUT    /api/v1/user/             --> SC/handler/user.ChangeUserInfo (3 handlers)
[GIN-debug] GET    /api/v1/user/goldhistory  --> SC/handler/user.GoldHistory (3 handlers)
[GIN-debug] GET    /api/v1/user/punch        --> SC/handler/user.PunchAndNumber (3 handlers)
[GIN-debug] GET    /api/v1/user/privacy/:id  --> SC/handler/user.GetPrivacy (3 handlers)
[GIN-debug] GET    /api/v1/punchs/:type_id   --> SC/handler.Punchs (3 handlers)
[GIN-debug] GET    /api/v1/punch/            --> SC/handler.MyPunch (3 handlers)
[GIN-debug] GET    /api/v1/punch/today/:title_id --> SC/handler.TodayPunch (3 handlers)
[GIN-debug] GET    /api/v1/punch/todayall    --> SC/handler.TodayPunchs (3 handlers)
[GIN-debug] POST   /api/v1/punch/            --> SC/handler.CompletePunch (3 handlers)
[GIN-debug] POST   /api/v1/punch/create      --> SC/handler.CreatePunch (3 handlers)
[GIN-debug] DELETE /api/v1/punch/            --> SC/handler.DeletePunch (3 handlers)
[GIN-debug] GET    /api/v1/user/punch/:id    --> SC/handler.GetPunchs (3 handlers)
[GIN-debug] GET    /api/v1/punch/month       --> SC/handler.Monthly (3 handlers)
[GIN-debug] GET    /api/v1/punch/week/:month --> SC/handler.GetWeekPunchs (3 handlers)
[GIN-debug] GET    /api/v1/punch/day/:day    --> SC/handler.GetDayPunchs (3 handlers)
[GIN-debug] GET    /api/v1/lists/:type       --> SC/handler.List (3 handlers)
[GIN-debug] GET    /api/v1/list/history      --> SC/handler.ListHistory (3 handlers)
[GIN-debug] GET    /api/v1/list/user/:id/:type --> SC/handler.UserRanking (3 handlers)
[GIN-debug] PUT    /api/v1/list/:type        --> SC/handler.ChangeRanking (3 handlers)
[GIN-debug] GET    /api/v1/backdrop          --> SC/handler.BackdropPrice (3 handlers)
[GIN-debug] PUT    /api/v1/backdrop          --> SC/handler.ChangeBackdrop (3 handlers)
[GIN-debug] GET    /api/v1/backdrops         --> SC/handler.MyBackdrops (3 handlers)
[GIN-debug] POST   /api/v1/adm/goldhistory   --> SC/handler/adm.GoldHistory (3 handlers)
[GIN-debug] POST   /api/v1/adm/punch         --> SC/handler/adm.PunchRecord (3 handlers)
[GIN-debug] GET    /api/v1/adm/del_backdrop/:student_id --> SC/handler/adm.DeleteBackdrop (3 handlers)
[GIN-debug] Listening and serving HTTP on :2333
[GIN-debug] [WARNING] Creating an Engine instance with the Logger and Recovery middleware already attached.

[GIN-debug] [WARNING] Running in "debug" mode. Switch to "release" mode in production.
 - using env:	export GIN_MODE=release
 - using code:	gin.SetMode(gin.ReleaseMode)

[GIN-debug] POST   /api/v1/user/             --> SC/handler/user.Login (3 handlers)
[GIN-debug] GET    /api/v1/user/             --> SC/handler/user.UserInfo (3 handlers)
[GIN-debug] PUT    /api/v1/user/             --> SC/handler/user.ChangeUserInfo (3 handlers)
[GIN-debug] GET    /api/v1/user/goldhistory  --> SC/handler/user.GoldHistory (3 handlers)
[GIN-debug] GET    /api/v1/user/punch        --> SC/handler/user.PunchAndNumber (3 handlers)
[GIN-debug] GET    /api/v1/user/privacy/:id  --> SC/handler/user.GetPrivacy (3 handlers)
[GIN-debug] GET    /api/v1/punchs/:type_id   --> SC/handler.Punchs (3 handlers)
[GIN-debug] GET    /api/v1/punch/            --> SC/handler.MyPunch (3 handlers)
[GIN-debug] GET    /api/v1/punch/today/:title_id --> SC/handler.TodayPunch (3 handlers)
[GIN-debug] GET    /api/v1/punch/todayall    --> SC/handler.TodayPunchs (3 handlers)
[GIN-debug] POST   /api/v1/punch/            --> SC/handler.CompletePunch (3 handlers)
[GIN-debug] POST   /api/v1/punch/create      --> SC/handler.CreatePunch (3 handlers)
[GIN-debug] DELETE /api/v1/punch/            --> SC/handler.DeletePunch (3 handlers)
[GIN-debug] GET    /api/v1/user/punch/:id    --> SC/handler.GetPunchs (3 handlers)
[GIN-debug] GET    /api/v1/punch/month       --> SC/handler.Monthly (3 handlers)
[GIN-debug] GET    /api/v1/punch/week/:month --> SC/handler.GetWeekPunchs (3 handlers)
[GIN-debug] GET    /api/v1/punch/day/:day    --> SC/handler.GetDayPunchs (3 handlers)
[GIN-debug] GET    /api/v1/lists/:type       --> SC/handler.List (3 handlers)
[GIN-debug] GET    /api/v1/list/history      --> SC/handler.ListHistory (3 handlers)
[GIN-debug] GET    /api/v1/list/user/:id/:type --> SC/handler.UserRanking (3 handlers)
[GIN-debug] PUT    /api/v1/list/:type        --> SC/handler.ChangeRanking (3 handlers)
[GIN-debug] GET    /api/v1/backdrop          --> SC/handler.BackdropPrice (3 handlers)
[GIN-debug] PUT    /api/v1/backdrop          --> SC/handler.ChangeBackdrop (3 handlers)
[GIN-debug] GET    /api/v1/backdrops         --> SC/handler.MyBackdrops (3 handlers)
[GIN-debug] POST   /api/v1/adm/goldhistory   --> SC/handler/adm.GoldHistory (3 handlers)
[GIN-debug] POST   /api/v1/adm/punch         --> SC/handler/adm.PunchRecord (3 handlers)
[GIN-debug] GET    /api/v1/adm/del_backdrop/:student_id --> SC/handler/adm.DeleteBackdrop (3 handlers)
[GIN-debug] Listening and serving HTTP on :2333
[GIN-debug] [ERROR] listen tcp :2333: bind: address already in use
[GIN-debug] [WARNING] Creating an Engine instance with the Logger and Recovery middleware already attached.

[GIN-debug] [WARNING] Running in "debug" mode. Switch to "release" mode in production.
 - using env:	export GIN_MODE=release
 - using code:	gin.SetMode(gin.ReleaseMode)

[GIN-debug] POST   /api/v1/user/             --> SC/handler/user.Login (3 handlers)
[GIN-debug] GET    /api/v1/user/             --> SC/handler/user.UserInfo (3 handlers)
[GIN-debug] PUT    /api/v1/user/             --> SC/handler/user.ChangeUserInfo (3 handlers)
[GIN-debug] GET    /api/v1/user/goldhistory  --> SC/handler/user.GoldHistory (3 handlers)
[GIN-debug] GET    /api/v1/user/punch        --> SC/handler/user.PunchAndNumber (3 handlers)
[GIN-debug] GET    /api/v1/user/privacy/:id  --> SC/handler/user.GetPrivacy (3 handlers)
[GIN-debug] GET    /api/v1/punchs/:type_id   --> SC/handler.Punchs (3 handlers)
[GIN-debug] GET    /api/v1/punch/            --> SC/handler.MyPunch (3 handlers)
[GIN-debug] GET    /api/v1/punch/today/:title_id --> SC/handler.TodayPunch (3 handlers)
[GIN-debug] GET    /api/v1/punch/todayall    --> SC/handler.TodayPunchs (3 handlers)
[GIN-debug] POST   /api/v1/punch/            --> SC/handler.CompletePunch (3 handlers)
[GIN-debug] POST   /api/v1/punch/create      --> SC/handler.CreatePunch (3 handlers)
[GIN-debug] DELETE /api/v1/punch/            --> SC/handler.DeletePunch (3 handlers)
[GIN-debug] GET    /api/v1/user/punch/:id    --> SC/handler.GetPunchs (3 handlers)
[GIN-debug] GET    /api/v1/punch/month       --> SC/handler.Monthly (3 handlers)
[GIN-debug] GET    /api/v1/punch/week/:month --> SC/handler.GetWeekPunchs (3 handlers)
[GIN-debug] GET    /api/v1/punch/day/:day    --> SC/handler.GetDayPunchs (3 handlers)
[GIN-debug] GET    /api/v1/lists/:type       --> SC/handler.List (3 handlers)
[GIN-debug] GET    /api/v1/list/history      --> SC/handler.ListHistory (3 handlers)
[GIN-debug] GET    /api/v1/list/user/:id/:type --> SC/handler.UserRanking (3 handlers)
[GIN-debug] PUT    /api/v1/list/:type        --> SC/handler.ChangeRanking (3 handlers)
[GIN-debug] GET    /api/v1/backdrop          --> SC/handler.BackdropPrice (3 handlers)
[GIN-debug] PUT    /api/v1/backdrop          --> SC/handler.ChangeBackdrop (3 handlers)
[GIN-debug] GET    /api/v1/backdrops         --> SC/handler.MyBackdrops (3 handlers)
[GIN-debug] POST   /api/v1/adm/goldhistory   --> SC/handler/adm.GoldHistory (3 handlers)
[GIN-debug] POST   /api/v1/adm/punch         --> SC/handler/adm.PunchRecord (3 handlers)
[GIN-debug] GET    /api/v1/adm/del_backdrop/:student_id --> SC/handler/adm.DeleteBackdrop (3 handlers)
[GIN-debug] Listening and serving HTTP on :2333
[GIN-debug] [WARNING] Creating an Engine instance with the Logger and Recovery middleware already attached.

[GIN-debug] [WARNING] Running in "debug" mode. Switch to "release" mode in production.
 - using env:	export GIN_MODE=release
 - using code:	gin.SetMode(gin.ReleaseMode)

[GIN-debug] POST   /api/v1/user/             --> SC/handler/user.Login (3 handlers)
[GIN-debug] GET    /api/v1/user/             --> SC/handler/user.UserInfo (3 handlers)
[GIN-debug] PUT    /api/v1/user/             --> SC/handler/user.ChangeUserInfo (3 handlers)
[GIN-debug] GET    /api/v1/user/goldhistory  --> SC/handler/user.GoldHistory (3 handlers)
[GIN-debug] GET    /api/v1/user/punch        --> SC/handler/user.PunchAndNumber (3 handlers)
[GIN-debug] GET    /api/v1/user/privacy/:id  --> SC/handler/user.GetPrivacy (3 handlers)
[GIN-debug] GET    /api/v1/punchs/:type_id   --> SC/handler.Punchs (3 handlers)
[GIN-debug] GET    /api/v1/punch/            --> SC/handler.MyPunch (3 handlers)
[GIN-debug] GET    /api/v1/punch/today/:title_id --> SC/handler.TodayPunch (3 handlers)
[GIN-debug] GET    /api/v1/punch/todayall    --> SC/handler.TodayPunchs (3 handlers)
[GIN-debug] POST   /api/v1/punch/            --> SC/handler.CompletePunch (3 handlers)
[GIN-debug] POST   /api/v1/punch/create      --> SC/handler.CreatePunch (3 handlers)
[GIN-debug] DELETE /api/v1/punch/            --> SC/handler.DeletePunch (3 handlers)
[GIN-debug] GET    /api/v1/user/punch/:id    --> SC/handler.GetPunchs (3 handlers)
[GIN-debug] GET    /api/v1/punch/month       --> SC/handler.Monthly (3 handlers)
[GIN-debug] GET    /api/v1/punch/week/:month --> SC/handler.GetWeekPunchs (3 handlers)
[GIN-debug] GET    /api/v1/punch/day/:day    --> SC/handler.GetDayPunchs (3 handlers)
[GIN-debug] GET    /api/v1/lists/:type       --> SC/handler.List (3 handlers)
[GIN-debug] GET    /api/v1/list/history      --> SC/handler.ListHistory (3 handlers)
[GIN-debug] GET    /api/v1/list/user/:id/:type --> SC/handler.UserRanking (3 handlers)
[GIN-debug] PUT    /api/v1/list/:type        --> SC/handler.ChangeRanking (3 handlers)
[GIN-debug] GET    /api/v1/backdrop          --> SC/handler.BackdropPrice (3 handlers)
[GIN-debug] PUT    /api/v1/backdrop          --> SC/handler.ChangeBackdrop (3 handlers)
[GIN-debug] GET    /api/v1/backdrops         --> SC/handler.MyBackdrops (3 handlers)
[GIN-debug] POST   /api/v1/adm/goldhistory   --> SC/handler/adm.GoldHistory (3 handlers)
[GIN-debug] POST   /api/v1/adm/punch         --> SC/handler/adm.PunchRecord (3 handlers)
[GIN-debug] GET    /api/v1/adm/del_backdrop/:student_id --> SC/handler/adm.DeleteBackdrop (3 handlers)
[GIN-debug] Listening and serving HTTP on :2333
[GIN-debug] [ERROR] listen tcp :2333: bind: address already in use
[GIN-debug] [WARNING] Creating an Engine instance with the Logger and Recovery middleware already attached.

[GIN-debug] [WARNING] Running in "debug" mode. Switch to "release" mode in production.
 - using env:	export GIN_MODE=release
 - using code:	gin.SetMode(gin.ReleaseMode)

[GIN-debug] POST   /api/v1/user/             --> SC/handler/user.Login (3 handlers)
[GIN-debug] GET    /api/v1/user/             --> SC/handler/user.UserInfo (3 handlers)
[GIN-debug] PUT    /api/v1/user/             --> SC/handler/user.ChangeUserInfo (3 handlers)
[GIN-debug] GET    /api/v1/user/goldhistory  --> SC/handler/user.GoldHistory (3 handlers)
[GIN-debug] GET    /api/v1/user/punch        --> SC/handler/user.PunchAndNumber (3 handlers)
[GIN-debug] GET    /api/v1/user/privacy/:id  --> SC/handler/user.GetPrivacy (3 handlers)
[GIN-debug] GET    /api/v1/punchs/:type_id   --> SC/handler.Punchs (3 handlers)
[GIN-debug] GET    /api/v1/punch/            --> SC/handler.MyPunch (3 handlers)
[GIN-debug] GET    /api/v1/punch/today/:title_id --> SC/handler.TodayPunch (3 handlers)
[GIN-debug] GET    /api/v1/punch/todayall    --> SC/handler.TodayPunchs (3 handlers)
[GIN-debug] POST   /api/v1/punch/            --> SC/handler.CompletePunch (3 handlers)
[GIN-debug] POST   /api/v1/punch/create      --> SC/handler.CreatePunch (3 handlers)
[GIN-debug] DELETE /api/v1/punch/            --> SC/handler.DeletePunch (3 handlers)
[GIN-debug] GET    /api/v1/user/punch/:id    --> SC/handler.GetPunchs (3 handlers)
[GIN-debug] GET    /api/v1/punch/month       --> SC/handler.Monthly (3 handlers)
[GIN-debug] GET    /api/v1/punch/week/:month --> SC/handler.GetWeekPunchs (3 handlers)
[GIN-debug] GET    /api/v1/punch/day/:day    --> SC/handler.GetDayPunchs (3 handlers)
[GIN-debug] GET    /api/v1/lists/:type       --> SC/handler.List (3 handlers)
[GIN-debug] GET    /api/v1/list/history      --> SC/handler.ListHistory (3 handlers)
[GIN-debug] GET    /api/v1/list/user/:id/:type --> SC/handler.UserRanking (3 handlers)
[GIN-debug] PUT    /api/v1/list/:type        --> SC/handler.ChangeRanking (3 handlers)
[GIN-debug] GET    /api/v1/backdrop          --> SC/handler.BackdropPrice (3 handlers)
[GIN-debug] PUT    /api/v1/backdrop          --> SC/handler.ChangeBackdrop (3 handlers)
[GIN-debug] GET    /api/v1/backdrops         --> SC/handler.MyBackdrops (3 handlers)
[GIN-debug] POST   /api/v1/adm/goldhistory   --> SC/handler/adm.GoldHistory (3 handlers)
[GIN-debug] POST   /api/v1/adm/punch         --> SC/handler/adm.PunchRecord (3 handlers)
[GIN-debug] GET    /api/v1/adm/del_backdrop/:student_id --> SC/handler/adm.DeleteBackdrop (3 handlers)
[GIN-debug] Listening and serving HTTP on :2333
signal: interrupt
[GIN-debug] [WARNING] Creating an Engine instance with the Logger and Recovery middleware already attached.

[GIN-debug] [WARNING] Running in "debug" mode. Switch to "release" mode in production.
 - using env:	export GIN_MODE=release
 - using code:	gin.SetMode(gin.ReleaseMode)

[GIN-debug] POST   /api/v1/user/             --> SC/handler/user.Login (3 handlers)
[GIN-debug] GET    /api/v1/user/             --> SC/handler/user.UserInfo (3 handlers)
[GIN-debug] PUT    /api/v1/user/             --> SC/handler/user.ChangeUserInfo (3 handlers)
[GIN-debug] GET    /api/v1/user/goldhistory  --> SC/handler/user.GoldHistory (3 handlers)
[GIN-debug] GET    /api/v1/user/punch        --> SC/handler/user.PunchAndNumber (3 handlers)
[GIN-debug] GET    /api/v1/user/privacy/:id  --> SC/handler/user.GetPrivacy (3 handlers)
[GIN-debug] GET    /api/v1/punchs/:type_id   --> SC/handler.Punchs (3 handlers)
[GIN-debug] GET    /api/v1/punch/            --> SC/handler.MyPunch (3 handlers)
[GIN-debug] GET    /api/v1/punch/today/:title_id --> SC/handler.TodayPunch (3 handlers)
[GIN-debug] GET    /api/v1/punch/todayall    --> SC/handler.TodayPunchs (3 handlers)
[GIN-debug] POST   /api/v1/punch/            --> SC/handler.CompletePunch (3 handlers)
[GIN-debug] POST   /api/v1/punch/create      --> SC/handler.CreatePunch (3 handlers)
[GIN-debug] DELETE /api/v1/punch/            --> SC/handler.DeletePunch (3 handlers)
[GIN-debug] GET    /api/v1/user/punch/:id    --> SC/handler.GetPunchs (3 handlers)
[GIN-debug] GET    /api/v1/punch/month       --> SC/handler.Monthly (3 handlers)
[GIN-debug] GET    /api/v1/punch/week/:month --> SC/handler.GetWeekPunchs (3 handlers)
[GIN-debug] GET    /api/v1/punch/day/:day    --> SC/handler.GetDayPunchs (3 handlers)
[GIN-debug] GET    /api/v1/lists/:type       --> SC/handler.List (3 handlers)
[GIN-debug] GET    /api/v1/list/history      --> SC/handler.ListHistory (3 handlers)
[GIN-debug] GET    /api/v1/list/user/:id/:type --> SC/handler.UserRanking (3 handlers)
[GIN-debug] PUT    /api/v1/list/:type        --> SC/handler.ChangeRanking (3 handlers)
[GIN-debug] GET    /api/v1/backdrop          --> SC/handler.BackdropPrice (3 handlers)
[GIN-debug] PUT    /api/v1/backdrop          --> SC/handler.ChangeBackdrop (3 handlers)
[GIN-debug] GET    /api/v1/backdrops         --> SC/handler.MyBackdrops (3 handlers)
[GIN-debug] POST   /api/v1/adm/goldhistory   --> SC/handler/adm.GoldHistory (3 handlers)
[GIN-debug] POST   /api/v1/adm/punch         --> SC/handler/adm.PunchRecord (3 handlers)
[GIN-debug] GET    /api/v1/adm/del_backdrop/:student_id --> SC/handler/adm.DeleteBackdrop (3 handlers)
[GIN-debug] Listening and serving HTTP on :2333
signal: interrupt
[GIN-debug] [WARNING] Creating an Engine instance with the Logger and Recovery middleware already attached.

[GIN-debug] [WARNING] Running in "debug" mode. Switch to "release" mode in production.
 - using env:	export GIN_MODE=release
 - using code:	gin.SetMode(gin.ReleaseMode)

[GIN-debug] POST   /api/v1/user/             --> SC/handler/user.Login (3 handlers)
[GIN-debug] GET    /api/v1/user/             --> SC/handler/user.UserInfo (3 handlers)
[GIN-debug] PUT    /api/v1/user/             --> SC/handler/user.ChangeUserInfo (3 handlers)
[GIN-debug] GET    /api/v1/user/goldhistory  --> SC/handler/user.GoldHistory (3 handlers)
[GIN-debug] GET    /api/v1/user/punch        --> SC/handler/user.PunchAndNumber (3 handlers)
[GIN-debug] GET    /api/v1/user/privacy/:id  --> SC/handler/user.GetPrivacy (3 handlers)
[GIN-debug] GET    /api/v1/punchs/:type_id   --> SC/handler.Punchs (3 handlers)
[GIN-debug] GET    /api/v1/punch/            --> SC/handler.MyPunch (3 handlers)
[GIN-debug] GET    /api/v1/punch/today/:title_id --> SC/handler.TodayPunch (3 handlers)
[GIN-debug] GET    /api/v1/punch/todayall    --> SC/handler.TodayPunchs (3 handlers)
[GIN-debug] POST   /api/v1/punch/            --> SC/handler.CompletePunch (3 handlers)
[GIN-debug] POST   /api/v1/punch/create      --> SC/handler.CreatePunch (3 handlers)
[GIN-debug] DELETE /api/v1/punch/            --> SC/handler.DeletePunch (3 handlers)
[GIN-debug] GET    /api/v1/user/punch/:id    --> SC/handler.GetPunchs (3 handlers)
[GIN-debug] GET    /api/v1/punch/month       --> SC/handler.Monthly (3 handlers)
[GIN-debug] GET    /api/v1/punch/week/:month --> SC/handler.GetWeekPunchs (3 handlers)
[GIN-debug] GET    /api/v1/punch/day/:day    --> SC/handler.GetDayPunchs (3 handlers)
[GIN-debug] GET    /api/v1/lists/:type       --> SC/handler.List (3 handlers)
[GIN-debug] GET    /api/v1/list/history      --> SC/handler.ListHistory (3 handlers)
[GIN-debug] GET    /api/v1/list/user/:id/:type --> SC/handler.UserRanking (3 handlers)
[GIN-debug] PUT    /api/v1/list/:type        --> SC/handler.ChangeRanking (3 handlers)
[GIN-debug] GET    /api/v1/backdrop          --> SC/handler.BackdropPrice (3 handlers)
[GIN-debug] PUT    /api/v1/backdrop          --> SC/handler.ChangeBackdrop (3 handlers)
[GIN-debug] GET    /api/v1/backdrops         --> SC/handler.MyBackdrops (3 handlers)
[GIN-debug] POST   /api/v1/adm/goldhistory   --> SC/handler/adm.GoldHistory (3 handlers)
[GIN-debug] POST   /api/v1/adm/punch         --> SC/handler/adm.PunchRecord (3 handlers)
[GIN-debug] GET    /api/v1/adm/del_backdrop/:student_id --> SC/handler/adm.DeleteBackdrop (3 handlers)
[GIN-debug] Listening and serving HTTP on :2333
